c:\users\owner\documents\visual studio 2015\projects\openglsdlproject\lengine\debug\lengine.pdb
c:\users\owner\documents\visual studio 2015\projects\openglsdlproject\lengine\debug\lengine.idb
c:\users\owner\documents\visual studio 2015\projects\openglsdlproject\lengine\debug\picopng.obj
c:\users\owner\documents\visual studio 2015\projects\openglsdlproject\lengine\debug\lengine.obj
c:\users\owner\documents\visual studio 2015\projects\openglsdlproject\lengine\debug\assetmanager.obj
c:\users\owner\documents\visual studio 2015\projects\openglsdlproject\lengine\debug\glslprogram.obj
c:\users\owner\documents\visual studio 2015\projects\openglsdlproject\lengine\debug\iomanager.obj
c:\users\owner\documents\visual studio 2015\projects\openglsdlproject\lengine\debug\imageloader.obj
c:\users\owner\documents\visual studio 2015\projects\openglsdlproject\lengine\debug\inputlistener.obj
c:\users\owner\documents\visual studio 2015\projects\openglsdlproject\lengine\debug\sprite.obj
c:\users\owner\documents\visual studio 2015\projects\openglsdlproject\lengine\debug\texturecache.obj
c:\users\owner\documents\visual studio 2015\projects\openglsdlproject\lengine\debug\window.obj
c:\users\owner\documents\visual studio 2015\projects\openglsdlproject\debug\lengine.lib
c:\users\owner\documents\visual studio 2015\projects\openglsdlproject\debug\lengine.pdb
c:\users\owner\documents\visual studio 2015\projects\openglsdlproject\lengine\debug\lengine.tlog\cl.command.1.tlog
c:\users\owner\documents\visual studio 2015\projects\openglsdlproject\lengine\debug\lengine.tlog\cl.read.1.tlog
c:\users\owner\documents\visual studio 2015\projects\openglsdlproject\lengine\debug\lengine.tlog\cl.write.1.tlog
c:\users\owner\documents\visual studio 2015\projects\openglsdlproject\lengine\debug\lengine.tlog\lib-link.read.1.tlog
c:\users\owner\documents\visual studio 2015\projects\openglsdlproject\lengine\debug\lengine.tlog\lib-link.write.1.tlog
c:\users\owner\documents\visual studio 2015\projects\openglsdlproject\lengine\debug\lengine.tlog\lib.command.1.tlog
