c:\users\owner\documents\visual studio 2015\projects\openglsdlproject\openglsdlproject\debug\vc140.pdb
c:\users\owner\documents\visual studio 2015\projects\openglsdlproject\openglsdlproject\debug\vc140.idb
c:\users\owner\documents\visual studio 2015\projects\openglsdlproject\openglsdlproject\debug\maingame.obj
c:\users\owner\documents\visual studio 2015\projects\openglsdlproject\openglsdlproject\debug\main.obj
c:\users\owner\documents\visual studio 2015\projects\openglsdlproject\openglsdlproject\debug\sprite.obj
c:\users\owner\documents\visual studio 2015\projects\openglsdlproject\openglsdlproject\debug\errors.obj
c:\users\owner\documents\visual studio 2015\projects\openglsdlproject\openglsdlproject\debug\glslprogram.obj
c:\users\owner\documents\visual studio 2015\projects\openglsdlproject\openglsdlproject\debug\iomanager.obj
c:\users\owner\documents\visual studio 2015\projects\openglsdlproject\openglsdlproject\debug\imageloader.obj
c:\users\owner\documents\visual studio 2015\projects\openglsdlproject\openglsdlproject\debug\picopng.obj
c:\users\owner\documents\visual studio 2015\projects\openglsdlproject\openglsdlproject\debug\game.obj
c:\users\owner\documents\visual studio 2015\projects\openglsdlproject\openglsdlproject\debug\exceptions.obj
c:\users\owner\documents\visual studio 2015\projects\openglsdlproject\openglsdlproject\debug\entity.obj
c:\users\owner\documents\visual studio 2015\projects\openglsdlproject\openglsdlproject\debug\inputhandler.obj
c:\users\owner\documents\visual studio 2015\projects\openglsdlproject\openglsdlproject\debug\inputlistener.obj
c:\users\owner\documents\visual studio 2015\projects\openglsdlproject\openglsdlproject\debug\rectangle.obj
c:\users\owner\documents\visual studio 2015\projects\openglsdlproject\openglsdlproject\debug\assetmanager.obj
c:\users\owner\documents\visual studio 2015\projects\openglsdlproject\openglsdlproject\debug\texturecache.obj
c:\users\owner\documents\visual studio 2015\projects\openglsdlproject\debug\openglsdlproject.ilk
c:\users\owner\documents\visual studio 2015\projects\openglsdlproject\debug\openglsdlproject.exe
c:\users\owner\documents\visual studio 2015\projects\openglsdlproject\debug\openglsdlproject.pdb
c:\users\owner\documents\visual studio 2015\projects\openglsdlproject\openglsdlproject\debug\openglsdlproject.tlog\cl.command.1.tlog
c:\users\owner\documents\visual studio 2015\projects\openglsdlproject\openglsdlproject\debug\openglsdlproject.tlog\cl.read.1.tlog
c:\users\owner\documents\visual studio 2015\projects\openglsdlproject\openglsdlproject\debug\openglsdlproject.tlog\cl.write.1.tlog
c:\users\owner\documents\visual studio 2015\projects\openglsdlproject\openglsdlproject\debug\openglsdlproject.tlog\link.command.1.tlog
c:\users\owner\documents\visual studio 2015\projects\openglsdlproject\openglsdlproject\debug\openglsdlproject.tlog\link.read.1.tlog
c:\users\owner\documents\visual studio 2015\projects\openglsdlproject\openglsdlproject\debug\openglsdlproject.tlog\link.write.1.tlog
